{"level":"info","message":"✅ Database terhubung","service":"event-platform-api","timestamp":"2026-04-19 09:06:22"}
{"level":"info","message":"✅ Upstash Redis client initialized","service":"event-platform-api","timestamp":"2026-04-19 09:06:22"}
{"level":"info","message":"✅ Upstash Redis ping successful","service":"event-platform-api","timestamp":"2026-04-19 09:06:23"}
{"level":"info","message":"🎵 SoundWave API running on http://localhost:5000","service":"event-platform-api","timestamp":"2026-04-19 09:06:25"}
{"level":"info","message":"🌍 Environment: development","service":"event-platform-api","timestamp":"2026-04-19 09:06:25"}
{"level":"info","message":"📡 Frontend allowed: http://localhost:5173","service":"event-platform-api","timestamp":"2026-04-19 09:06:25"}
{"level":"info","message":"📧 Email from: noreply-aliputrasati@gmail.com","service":"event-platform-api","timestamp":"2026-04-19 09:06:25"}
{"level":"info","message":"🔴 Upstash Redis: https://elegant-marmot-69459.upstash.io","service":"event-platform-api","timestamp":"2026-04-19 09:06:25"}
{"level":"info","message":"✅ Database terhubung","service":"event-platform-api","timestamp":"2026-04-19 09:07:28"}
{"level":"info","message":"✅ Upstash Redis client initialized","service":"event-platform-api","timestamp":"2026-04-19 09:07:28"}
{"level":"info","message":"✅ Upstash Redis ping successful","service":"event-platform-api","timestamp":"2026-04-19 09:07:28"}
{"level":"info","message":"🎵 SoundWave API running on http://localhost:5000","service":"event-platform-api","timestamp":"2026-04-19 09:07:30"}
{"level":"info","message":"🌍 Environment: development","service":"event-platform-api","timestamp":"2026-04-19 09:07:30"}
{"level":"info","message":"📡 Frontend allowed: http://localhost:5173","service":"event-platform-api","timestamp":"2026-04-19 09:07:30"}
{"level":"info","message":"📧 Email from: noreply-aliputrasati@gmail.com","service":"event-platform-api","timestamp":"2026-04-19 09:07:30"}
{"level":"info","message":"🔴 Upstash Redis: https://elegant-marmot-69459.upstash.io","service":"event-platform-api","timestamp":"2026-04-19 09:07:30"}
{"level":"info","message":"✅ Database terhubung","service":"event-platform-api","timestamp":"2026-04-19 09:13:23"}
{"level":"info","message":"✅ Upstash Redis client initialized","service":"event-platform-api","timestamp":"2026-04-19 09:13:23"}
{"level":"info","message":"✅ Upstash Redis ping successful","service":"event-platform-api","timestamp":"2026-04-19 09:13:23"}
{"level":"info","message":"🎵 SoundWave API running on http://localhost:5000","service":"event-platform-api","timestamp":"2026-04-19 09:13:24"}
{"level":"info","message":"🌍 Environment: development","service":"event-platform-api","timestamp":"2026-04-19 09:13:24"}
{"level":"info","message":"📡 Frontend allowed: http://localhost:5173","service":"event-platform-api","timestamp":"2026-04-19 09:13:24"}
{"level":"info","message":"📧 Email from: noreply-aliputrasati@gmail.com","service":"event-platform-api","timestamp":"2026-04-19 09:13:24"}
{"level":"info","message":"🔴 Upstash Redis: https://elegant-marmot-69459.upstash.io","service":"event-platform-api","timestamp":"2026-04-19 09:13:24"}
